This file contains any messages produced by compilers while
running configure, to aid debugging if configure makes a mistake.

It was created by Protocol Buffers configure 2.6.1, which was
generated by GNU Autoconf 2.69.  Invocation command line was

  $ ./configure 

## --------- ##
## Platform. ##
## --------- ##

hostname = RqiDev007
uname -m = x86_64
uname -r = 3.10.0-514.el7.x86_64
uname -s = Linux
uname -v = #1 SMP Tue Nov 22 16:42:41 UTC 2016

/usr/bin/uname -p = x86_64
/bin/uname -X     = unknown

/bin/arch              = x86_64
/usr/bin/arch -k       = unknown
/usr/convex/getsysinfo = unknown
/usr/bin/hostinfo      = unknown
/bin/machine           = unknown
/usr/bin/oslevel       = unknown
/bin/universe          = unknown

PATH: /usr/local/bin
PATH: /usr/bin
PATH: /usr/local/sbin
PATH: /usr/sbin
PATH: /home/dxrd/.local/bin
PATH: /home/dxrd/bin


## ----------- ##
## Core tests. ##
## ----------- ##

configure:2483: checking whether to enable maintainer-specific portions of Makefiles
configure:2492: result: yes
configure:2553: checking build system type
configure:2567: result: x86_64-unknown-linux-gnu
configure:2587: checking host system type
configure:2600: result: x86_64-unknown-linux-gnu
configure:2620: checking target system type
configure:2633: result: x86_64-unknown-linux-gnu
configure:2676: checking for a BSD-compatible install
configure:2744: result: /usr/bin/install -c
configure:2755: checking whether build environment is sane
configure:2810: result: yes
configure:2961: checking for a thread-safe mkdir -p
configure:3000: result: /usr/bin/mkdir -p
configure:3007: checking for gawk
configure:3023: found /usr/bin/gawk
configure:3034: result: gawk
configure:3045: checking whether make sets $(MAKE)
configure:3067: result: yes
configure:3096: checking whether make supports nested variables
configure:3113: result: yes
configure:3265: checking for gcc
configure:3281: found /usr/bin/gcc
configure:3292: result: gcc
configure:3521: checking for C compiler version
configure:3530: gcc --version >&5
gcc (GCC) 4.8.5 20150623 (Red Hat 4.8.5-11)
Copyright (C) 2015 Free Software Foundation, Inc.
This is free software; see the source for copying conditions.  There is NO
warranty; not even for MERCHANTABILITY or FITNESS FOR A PARTICULAR PURPOSE.

configure:3541: $? = 0
configure:3530: gcc -v >&5
Using built-in specs.
COLLECT_GCC=gcc
COLLECT_LTO_WRAPPER=/usr/libexec/gcc/x86_64-redhat-linux/4.8.5/lto-wrapper
Target: x86_64-redhat-linux
Configured with: ../configure --prefix=/usr --mandir=/usr/share/man --infodir=/usr/share/info --with-bugurl=http://bugzilla.redhat.com/bugzilla --enable-bootstrap --enable-shared --enable-threads=posix --enable-checking=release --with-system-zlib --enable-__cxa_atexit --disable-libunwind-exceptions --enable-gnu-unique-object --enable-linker-build-id --with-linker-hash-style=gnu --enable-languages=c,c++,objc,obj-c++,java,fortran,ada,go,lto --enable-plugin --enable-initfini-array --disable-libgcj --with-isl=/builddir/build/BUILD/gcc-4.8.5-20150702/obj-x86_64-redhat-linux/isl-install --with-cloog=/builddir/build/BUILD/gcc-4.8.5-20150702/obj-x86_64-redhat-linux/cloog-install --enable-gnu-indirect-function --with-tune=generic --with-arch_32=x86-64 --build=x86_64-redhat-linux
Thread model: posix
gcc version 4.8.5 20150623 (Red Hat 4.8.5-11) (GCC) 
configure:3541: $? = 0
configure:3530: gcc -V >&5
gcc: error: unrecognized command line option '-V'
gcc: fatal error: no input files
compilation terminated.
configure:3541: $? = 4
configure:3530: gcc -qversion >&5
gcc: error: unrecognized command line option '-qversion'
gcc: fatal error: no input files
compilation terminated.
configure:3541: $? = 4
configure:3561: checking whether the C compiler works
configure:3583: gcc    conftest.c  >&5
configure:3587: $? = 0
configure:3635: result: yes
configure:3638: checking for C compiler default output file name
configure:3640: result: a.out
configure:3646: checking for suffix of executables
configure:3653: gcc -o conftest    conftest.c  >&5
configure:3657: $? = 0
configure:3679: result: 
configure:3701: checking whether we are cross compiling
configure:3709: gcc -o conftest    conftest.c  >&5
configure:3713: $? = 0
configure:3720: ./conftest
configure:3724: $? = 0
configure:3739: result: no
configure:3744: checking for suffix of object files
configure:3766: gcc -c   conftest.c >&5
configure:3770: $? = 0
configure:3791: result: o
configure:3795: checking whether we are using the GNU C compiler
configure:3814: gcc -c   conftest.c >&5
configure:3814: $? = 0
configure:3823: result: yes
configure:3832: checking whether gcc accepts -g
configure:3852: gcc -c -g  conftest.c >&5
configure:3852: $? = 0
configure:3893: result: yes
configure:3910: checking for gcc option to accept ISO C89
configure:3973: gcc  -c   conftest.c >&5
configure:3973: $? = 0
configure:3986: result: none needed
configure:4017: checking for style of include used by make
configure:4045: result: GNU
configure:4071: checking dependency style of gcc
configure:4182: result: gcc3
configure:4255: checking for g++
configure:4271: found /usr/bin/g++
configure:4282: result: g++
configure:4309: checking for C++ compiler version
configure:4318: g++ --version >&5
g++ (GCC) 4.8.5 20150623 (Red Hat 4.8.5-11)
Copyright (C) 2015 Free Software Foundation, Inc.
This is free software; see the source for copying conditions.  There is NO
warranty; not even for MERCHANTABILITY or FITNESS FOR A PARTICULAR PURPOSE.

configure:4329: $? = 0
configure:4318: g++ -v >&5
Using built-in specs.
COLLECT_GCC=g++
COLLECT_LTO_WRAPPER=/usr/libexec/gcc/x86_64-redhat-linux/4.8.5/lto-wrapper
Target: x86_64-redhat-linux
Configured with: ../configure --prefix=/usr --mandir=/usr/share/man --infodir=/usr/share/info --with-bugurl=http://bugzilla.redhat.com/bugzilla --enable-bootstrap --enable-shared --enable-threads=posix --enable-checking=release --with-system-zlib --enable-__cxa_atexit --disable-libunwind-exceptions --enable-gnu-unique-object --enable-linker-build-id --with-linker-hash-style=gnu --enable-languages=c,c++,objc,obj-c++,java,fortran,ada,go,lto --enable-plugin --enable-initfini-array --disable-libgcj --with-isl=/builddir/build/BUILD/gcc-4.8.5-20150702/obj-x86_64-redhat-linux/isl-install --with-cloog=/builddir/build/BUILD/gcc-4.8.5-20150702/obj-x86_64-redhat-linux/cloog-install --enable-gnu-indirect-function --with-tune=generic --with-arch_32=x86-64 --build=x86_64-redhat-linux
Thread model: posix
gcc version 4.8.5 20150623 (Red Hat 4.8.5-11) (GCC) 
configure:4329: $? = 0
configure:4318: g++ -V >&5
g++: error: unrecognized command line option '-V'
g++: fatal error: no input files
compilation terminated.
configure:4329: $? = 4
configure:4318: g++ -qversion >&5
g++: error: unrecognized command line option '-qversion'
g++: fatal error: no input files
compilation terminated.
configure:4329: $? = 4
configure:4333: checking whether we are using the GNU C++ compiler
configure:4352: g++ -c   conftest.cpp >&5
configure:4352: $? = 0
configure:4361: result: yes
configure:4370: checking whether g++ accepts -g
configure:4390: g++ -c -g  conftest.cpp >&5
configure:4390: $? = 0
configure:4431: result: yes
configure:4456: checking dependency style of g++
configure:4567: result: gcc3
configure:4594: checking how to run the C++ preprocessor
configure:4621: g++ -E  conftest.cpp
configure:4621: $? = 0
configure:4635: g++ -E  conftest.cpp
conftest.cpp:11:28: fatal error: ac_nonexistent.h: No such file or directory
 #include <ac_nonexistent.h>
                            ^
compilation terminated.
configure:4635: $? = 1
configure: failed program was:
| /* confdefs.h */
| #define PACKAGE_NAME "Protocol Buffers"
| #define PACKAGE_TARNAME "protobuf"
| #define PACKAGE_VERSION "2.6.1"
| #define PACKAGE_STRING "Protocol Buffers 2.6.1"
| #define PACKAGE_BUGREPORT "protobuf@googlegroups.com"
| #define PACKAGE_URL ""
| #define PACKAGE "protobuf"
| #define VERSION "2.6.1"
| /* end confdefs.h.  */
| #include <ac_nonexistent.h>
configure:4660: result: g++ -E
configure:4680: g++ -E  conftest.cpp
configure:4680: $? = 0
configure:4694: g++ -E  conftest.cpp
conftest.cpp:11:28: fatal error: ac_nonexistent.h: No such file or directory
 #include <ac_nonexistent.h>
                            ^
compilation terminated.
configure:4694: $? = 1
configure: failed program was:
| /* confdefs.h */
| #define PACKAGE_NAME "Protocol Buffers"
| #define PACKAGE_TARNAME "protobuf"
| #define PACKAGE_VERSION "2.6.1"
| #define PACKAGE_STRING "Protocol Buffers 2.6.1"
| #define PACKAGE_BUGREPORT "protobuf@googlegroups.com"
| #define PACKAGE_URL ""
| #define PACKAGE "protobuf"
| #define VERSION "2.6.1"
| /* end confdefs.h.  */
| #include <ac_nonexistent.h>
configure:4723: checking for grep that handles long lines and -e
configure:4781: result: /usr/bin/grep
configure:4786: checking for egrep
configure:4848: result: /usr/bin/grep -E
configure:4853: checking for ANSI C header files
configure:4873: g++ -c   conftest.cpp >&5
configure:4873: $? = 0
configure:4946: g++ -o conftest    conftest.cpp  >&5
configure:4946: $? = 0
configure:4946: ./conftest
configure:4946: $? = 0
configure:4957: result: yes
configure:4970: checking for sys/types.h
configure:4970: g++ -c   conftest.cpp >&5
configure:4970: $? = 0
configure:4970: result: yes
configure:4970: checking for sys/stat.h
configure:4970: g++ -c   conftest.cpp >&5
configure:4970: $? = 0
configure:4970: result: yes
configure:4970: checking for stdlib.h
configure:4970: g++ -c   conftest.cpp >&5
configure:4970: $? = 0
configure:4970: result: yes
configure:4970: checking for string.h
configure:4970: g++ -c   conftest.cpp >&5
configure:4970: $? = 0
configure:4970: result: yes
configure:4970: checking for memory.h
configure:4970: g++ -c   conftest.cpp >&5
configure:4970: $? = 0
configure:4970: result: yes
configure:4970: checking for strings.h
configure:4970: g++ -c   conftest.cpp >&5
configure:4970: $? = 0
configure:4970: result: yes
configure:4970: checking for inttypes.h
configure:4970: g++ -c   conftest.cpp >&5
configure:4970: $? = 0
configure:4970: result: yes
configure:4970: checking for stdint.h
configure:4970: g++ -c   conftest.cpp >&5
configure:4970: $? = 0
configure:4970: result: yes
configure:4970: checking for unistd.h
configure:4970: g++ -c   conftest.cpp >&5
configure:4970: $? = 0
configure:4970: result: yes
configure:4983: checking minix/config.h usability
configure:4983: g++ -c   conftest.cpp >&5
conftest.cpp:54:26: fatal error: minix/config.h: No such file or directory
 #include <minix/config.h>
                          ^
compilation terminated.
configure:4983: $? = 1
configure: failed program was:
| /* confdefs.h */
| #define PACKAGE_NAME "Protocol Buffers"
| #define PACKAGE_TARNAME "protobuf"
| #define PACKAGE_VERSION "2.6.1"
| #define PACKAGE_STRING "Protocol Buffers 2.6.1"
| #define PACKAGE_BUGREPORT "protobuf@googlegroups.com"
| #define PACKAGE_URL ""
| #define PACKAGE "protobuf"
| #define VERSION "2.6.1"
| #define STDC_HEADERS 1
| #define HAVE_SYS_TYPES_H 1
| #define HAVE_SYS_STAT_H 1
| #define HAVE_STDLIB_H 1
| #define HAVE_STRING_H 1
| #define HAVE_MEMORY_H 1
| #define HAVE_STRINGS_H 1
| #define HAVE_INTTYPES_H 1
| #define HAVE_STDINT_H 1
| #define HAVE_UNISTD_H 1
| /* end confdefs.h.  */
| #include <stdio.h>
| #ifdef HAVE_SYS_TYPES_H
| # include <sys/types.h>
| #endif
| #ifdef HAVE_SYS_STAT_H
| # include <sys/stat.h>
| #endif
| #ifdef STDC_HEADERS
| # include <stdlib.h>
| # include <stddef.h>
| #else
| # ifdef HAVE_STDLIB_H
| #  include <stdlib.h>
| # endif
| #endif
| #ifdef HAVE_STRING_H
| # if !defined STDC_HEADERS && defined HAVE_MEMORY_H
| #  include <memory.h>
| # endif
| # include <string.h>
| #endif
| #ifdef HAVE_STRINGS_H
| # include <strings.h>
| #endif
| #ifdef HAVE_INTTYPES_H
| # include <inttypes.h>
| #endif
| #ifdef HAVE_STDINT_H
| # include <stdint.h>
| #endif
| #ifdef HAVE_UNISTD_H
| # include <unistd.h>
| #endif
| #include <minix/config.h>
configure:4983: result: no
configure:4983: checking minix/config.h presence
configure:4983: g++ -E  conftest.cpp
conftest.cpp:21:26: fatal error: minix/config.h: No such file or directory
 #include <minix/config.h>
                          ^
compilation terminated.
configure:4983: $? = 1
configure: failed program was:
| /* confdefs.h */
| #define PACKAGE_NAME "Protocol Buffers"
| #define PACKAGE_TARNAME "protobuf"
| #define PACKAGE_VERSION "2.6.1"
| #define PACKAGE_STRING "Protocol Buffers 2.6.1"
| #define PACKAGE_BUGREPORT "protobuf@googlegroups.com"
| #define PACKAGE_URL ""
| #define PACKAGE "protobuf"
| #define VERSION "2.6.1"
| #define STDC_HEADERS 1
| #define HAVE_SYS_TYPES_H 1
| #define HAVE_SYS_STAT_H 1
| #define HAVE_STDLIB_H 1
| #define HAVE_STRING_H 1
| #define HAVE_MEMORY_H 1
| #define HAVE_STRINGS_H 1
| #define HAVE_INTTYPES_H 1
| #define HAVE_STDINT_H 1
| #define HAVE_UNISTD_H 1
| /* end confdefs.h.  */
| #include <minix/config.h>
configure:4983: result: no
configure:4983: checking for minix/config.h
configure:4983: result: no
configure:5004: checking whether it is safe to define __EXTENSIONS__
configure:5022: g++ -c   conftest.cpp >&5
configure:5022: $? = 0
configure:5029: result: yes
configure:5058: checking C++ compiler flags...
configure:5074: result: use default: -O2  -g -DNDEBUG
configure:5094: checking whether __SUNPRO_CC is declared
configure:5094: g++ -c  -g -DNDEBUG  conftest.cpp >&5
conftest.cpp: In function 'int main()':
conftest.cpp:64:10: error: '__SUNPRO_CC' was not declared in this scope
   (void) __SUNPRO_CC;
          ^
configure:5094: $? = 1
configure: failed program was:
| /* confdefs.h */
| #define PACKAGE_NAME "Protocol Buffers"
| #define PACKAGE_TARNAME "protobuf"
| #define PACKAGE_VERSION "2.6.1"
| #define PACKAGE_STRING "Protocol Buffers 2.6.1"
| #define PACKAGE_BUGREPORT "protobuf@googlegroups.com"
| #define PACKAGE_URL ""
| #define PACKAGE "protobuf"
| #define VERSION "2.6.1"
| #define STDC_HEADERS 1
| #define HAVE_SYS_TYPES_H 1
| #define HAVE_SYS_STAT_H 1
| #define HAVE_STDLIB_H 1
| #define HAVE_STRING_H 1
| #define HAVE_MEMORY_H 1
| #define HAVE_STRINGS_H 1
| #define HAVE_INTTYPES_H 1
| #define HAVE_STDINT_H 1
| #define HAVE_UNISTD_H 1
| #define __EXTENSIONS__ 1
| #define _ALL_SOURCE 1
| #define _GNU_SOURCE 1
| #define _POSIX_PTHREAD_SEMANTICS 1
| #define _TANDEM_SOURCE 1
| /* end confdefs.h.  */
| #include <stdio.h>
| #ifdef HAVE_SYS_TYPES_H
| # include <sys/types.h>
| #endif
| #ifdef HAVE_SYS_STAT_H
| # include <sys/stat.h>
| #endif
| #ifdef STDC_HEADERS
| # include <stdlib.h>
| # include <stddef.h>
| #else
| # ifdef HAVE_STDLIB_H
| #  include <stdlib.h>
| # endif
| #endif
| #ifdef HAVE_STRING_H
| # if !defined STDC_HEADERS && defined HAVE_MEMORY_H
| #  include <memory.h>
| # endif
| # include <string.h>
| #endif
| #ifdef HAVE_STRINGS_H
| # include <strings.h>
| #endif
| #ifdef HAVE_INTTYPES_H
| # include <inttypes.h>
| #endif
| #ifdef HAVE_STDINT_H
| # include <stdint.h>
| #endif
| #ifdef HAVE_UNISTD_H
| # include <unistd.h>
| #endif
| int
| main ()
| {
| #ifndef __SUNPRO_CC
| #ifdef __cplusplus
|   (void) __SUNPRO_CC;
| #else
|   (void) __SUNPRO_CC;
| #endif
| #endif
| 
|   ;
|   return 0;
| }
configure:5094: result: no
configure:5269: checking how to print strings
configure:5296: result: printf
configure:5317: checking for a sed that does not truncate output
configure:5381: result: /usr/bin/sed
configure:5399: checking for fgrep
configure:5461: result: /usr/bin/grep -F
configure:5496: checking for ld used by gcc
configure:5563: result: /usr/bin/ld
configure:5570: checking if the linker (/usr/bin/ld) is GNU ld
configure:5585: result: yes
configure:5597: checking for BSD- or MS-compatible name lister (nm)
configure:5646: result: /usr/bin/nm -B
configure:5776: checking the name lister (/usr/bin/nm -B) interface
configure:5783: g++ -c  -g -DNDEBUG  conftest.cpp >&5
configure:5786: /usr/bin/nm -B "conftest.o"
configure:5789: output
0000000000000000 B some_variable
configure:5796: result: BSD nm
configure:5799: checking whether ln -s works
configure:5803: result: yes
configure:5811: checking the maximum length of command line arguments
configure:5941: result: 1572864
configure:5958: checking whether the shell understands some XSI constructs
configure:5968: result: yes
configure:5972: checking whether the shell understands "+="
configure:5978: result: yes
configure:6013: checking how to convert x86_64-unknown-linux-gnu file names to x86_64-unknown-linux-gnu format
configure:6053: result: func_convert_file_noop
configure:6060: checking how to convert x86_64-unknown-linux-gnu file names to toolchain format
configure:6080: result: func_convert_file_noop
configure:6087: checking for /usr/bin/ld option to reload object files
configure:6094: result: -r
configure:6168: checking for objdump
configure:6184: found /usr/bin/objdump
configure:6195: result: objdump
configure:6227: checking how to recognize dependent libraries
configure:6429: result: pass_all
configure:6514: checking for dlltool
configure:6544: result: no
configure:6574: checking how to associate runtime and link libraries
configure:6601: result: printf %s\n
configure:6661: checking for ar
configure:6677: found /usr/bin/ar
configure:6688: result: ar
configure:6725: checking for archiver @FILE support
configure:6742: g++ -c  -g -DNDEBUG  conftest.cpp >&5
configure:6742: $? = 0
configure:6745: ar cru libconftest.a @conftest.lst >&5
configure:6748: $? = 0
configure:6753: ar cru libconftest.a @conftest.lst >&5
ar: conftest.o: No such file or directory
configure:6756: $? = 1
configure:6768: result: @
configure:6826: checking for strip
configure:6842: found /usr/bin/strip
configure:6853: result: strip
configure:6925: checking for ranlib
configure:6941: found /usr/bin/ranlib
configure:6952: result: ranlib
configure:7054: checking command to parse /usr/bin/nm -B output from gcc object
configure:7174: g++ -c  -g -DNDEBUG  conftest.cpp >&5
configure:7177: $? = 0
configure:7181: /usr/bin/nm -B conftest.o \| sed -n -e 's/^.*[ ]\([ABCDGIRSTW][ABCDGIRSTW]*\)[ ][ ]*\([_A-Za-z][_A-Za-z0-9]*\)$/\1 \2 \2/p' | sed '/ __gnu_lto/d' \> conftest.nm
configure:7184: $? = 0
configure:7250: g++ -o conftest  -g -DNDEBUG   conftest.cpp conftstm.o >&5
configure:7253: $? = 0
configure:7291: result: ok
configure:7328: checking for sysroot
configure:7358: result: no
configure:7436: g++ -c  -g -DNDEBUG  conftest.cpp >&5
configure:7439: $? = 0
configure:7615: checking for mt
configure:7645: result: no
configure:7665: checking if : is a manifest tool
configure:7671: : '-?'
configure:7679: result: no
configure:8318: checking for dlfcn.h
configure:8318: g++ -c  -g -DNDEBUG  conftest.cpp >&5
configure:8318: $? = 0
configure:8318: result: yes
configure:8534: checking for objdir
configure:8549: result: .libs
configure:8820: checking if gcc supports -fno-rtti -fno-exceptions
configure:8838: gcc -c   -fno-rtti -fno-exceptions conftest.c >&5
cc1: warning: command line option '-fno-rtti' is valid for C++/ObjC++ but not for C [enabled by default]
configure:8842: $? = 0
configure:8855: result: no
configure:9182: checking for gcc option to produce PIC
configure:9189: result: -fPIC -DPIC
configure:9197: checking if gcc PIC flag -fPIC -DPIC works
configure:9215: gcc -c   -fPIC -DPIC -DPIC conftest.c >&5
configure:9219: $? = 0
configure:9232: result: yes
configure:9261: checking if gcc static flag -static works
configure:9289: result: no
configure:9304: checking if gcc supports -c -o file.o
configure:9325: gcc -c   -o out/conftest2.o conftest.c >&5
configure:9329: $? = 0
configure:9351: result: yes
configure:9359: checking if gcc supports -c -o file.o
configure:9406: result: yes
configure:9439: checking whether the gcc linker (/usr/bin/ld -m elf_x86_64) supports shared libraries
configure:10592: result: yes
configure:10629: checking whether -lc should be explicitly linked in
configure:10637: gcc -c   conftest.c >&5
configure:10640: $? = 0
configure:10655: gcc -shared  -fPIC -DPIC conftest.o  -v -Wl,-soname -Wl,conftest -o conftest 2\>\&1 \| /usr/bin/grep  -lc  \>/dev/null 2\>\&1
configure:10658: $? = 0
configure:10672: result: no
configure:10832: checking dynamic linker characteristics
configure:11343: gcc -o conftest    -Wl,-rpath -Wl,/foo conftest.c  >&5
configure:11343: $? = 0
configure:11569: result: GNU/Linux ld.so
configure:11676: checking how to hardcode library paths into programs
configure:11701: result: immediate
configure:12241: checking whether stripping libraries is possible
configure:12246: result: yes
configure:12281: checking if libtool supports shared libraries
configure:12283: result: yes
configure:12286: checking whether to build shared libraries
configure:12307: result: yes
configure:12310: checking whether to build static libraries
configure:12314: result: yes
configure:12337: checking how to run the C++ preprocessor
configure:12403: result: g++ -E
configure:12423: g++ -E  conftest.cpp
configure:12423: $? = 0
configure:12437: g++ -E  conftest.cpp
conftest.cpp:28:28: fatal error: ac_nonexistent.h: No such file or directory
 #include <ac_nonexistent.h>
                            ^
compilation terminated.
configure:12437: $? = 1
configure: failed program was:
| /* confdefs.h */
| #define PACKAGE_NAME "Protocol Buffers"
| #define PACKAGE_TARNAME "protobuf"
| #define PACKAGE_VERSION "2.6.1"
| #define PACKAGE_STRING "Protocol Buffers 2.6.1"
| #define PACKAGE_BUGREPORT "protobuf@googlegroups.com"
| #define PACKAGE_URL ""
| #define PACKAGE "protobuf"
| #define VERSION "2.6.1"
| #define STDC_HEADERS 1
| #define HAVE_SYS_TYPES_H 1
| #define HAVE_SYS_STAT_H 1
| #define HAVE_STDLIB_H 1
| #define HAVE_STRING_H 1
| #define HAVE_MEMORY_H 1
| #define HAVE_STRINGS_H 1
| #define HAVE_INTTYPES_H 1
| #define HAVE_STDINT_H 1
| #define HAVE_UNISTD_H 1
| #define __EXTENSIONS__ 1
| #define _ALL_SOURCE 1
| #define _GNU_SOURCE 1
| #define _POSIX_PTHREAD_SEMANTICS 1
| #define _TANDEM_SOURCE 1
| #define HAVE_DLFCN_H 1
| #define LT_OBJDIR ".libs/"
| /* end confdefs.h.  */
| #include <ac_nonexistent.h>
configure:12606: checking for ld used by g++
configure:12673: result: /usr/bin/ld -m elf_x86_64
configure:12680: checking if the linker (/usr/bin/ld -m elf_x86_64) is GNU ld
configure:12695: result: yes
configure:12750: checking whether the g++ linker (/usr/bin/ld -m elf_x86_64) supports shared libraries
configure:13755: result: yes
configure:13791: g++ -c  -g -DNDEBUG  conftest.cpp >&5
configure:13794: $? = 0
configure:14314: checking for g++ option to produce PIC
configure:14321: result: -fPIC -DPIC
configure:14329: checking if g++ PIC flag -fPIC -DPIC works
configure:14347: g++ -c  -g -DNDEBUG  -fPIC -DPIC -DPIC conftest.cpp >&5
configure:14351: $? = 0
configure:14364: result: yes
configure:14387: checking if g++ static flag -static works
configure:14415: result: no
configure:14427: checking if g++ supports -c -o file.o
configure:14448: g++ -c  -g -DNDEBUG  -o out/conftest2.o conftest.cpp >&5
configure:14452: $? = 0
configure:14474: result: yes
configure:14479: checking if g++ supports -c -o file.o
configure:14526: result: yes
configure:14556: checking whether the g++ linker (/usr/bin/ld -m elf_x86_64) supports shared libraries
configure:14592: result: yes
configure:14733: checking dynamic linker characteristics
configure:15404: result: GNU/Linux ld.so
configure:15457: checking how to hardcode library paths into programs
configure:15482: result: immediate
configure:15545: checking for ANSI C header files
configure:15649: result: yes
configure:15660: checking fcntl.h usability
configure:15660: g++ -c  -g -DNDEBUG  conftest.cpp >&5
configure:15660: $? = 0
configure:15660: result: yes
configure:15660: checking fcntl.h presence
configure:15660: g++ -E  conftest.cpp
configure:15660: $? = 0
configure:15660: result: yes
configure:15660: checking for fcntl.h
configure:15660: result: yes
configure:15660: checking for inttypes.h
configure:15660: result: yes
configure:15660: checking limits.h usability
configure:15660: g++ -c  -g -DNDEBUG  conftest.cpp >&5
configure:15660: $? = 0
configure:15660: result: yes
configure:15660: checking limits.h presence
configure:15660: g++ -E  conftest.cpp
configure:15660: $? = 0
configure:15660: result: yes
configure:15660: checking for limits.h
configure:15660: result: yes
configure:15660: checking for stdlib.h
configure:15660: result: yes
configure:15660: checking for unistd.h
configure:15660: result: yes
configure:15672: checking for working memcmp
configure:15715: g++ -o conftest  -g -DNDEBUG   conftest.cpp  >&5
configure:15715: $? = 0
configure:15715: ./conftest
configure:15715: $? = 0
configure:15725: result: yes
configure:15734: checking for working strtod
configure:15775: g++ -o conftest  -g -DNDEBUG   conftest.cpp  >&5
conftest.cpp: In function 'int main()':
conftest.cpp:76:20: warning: deprecated conversion from string constant to 'char*' [-Wwrite-strings]
     char *string = " +69";
                    ^
conftest.cpp:87:20: warning: deprecated conversion from string constant to 'char*' [-Wwrite-strings]
     char *string = "NaN";
                    ^
configure:15775: $? = 0
configure:15775: ./conftest
configure:15775: $? = 0
configure:15785: result: yes
configure:15850: checking for ftruncate
configure:15850: g++ -o conftest  -g -DNDEBUG   conftest.cpp  >&5
configure:15850: $? = 0
configure:15850: result: yes
configure:15850: checking for memset
configure:15850: g++ -o conftest  -g -DNDEBUG   conftest.cpp  >&5
configure:15850: $? = 0
configure:15850: result: yes
configure:15850: checking for mkdir
configure:15850: g++ -o conftest  -g -DNDEBUG   conftest.cpp  >&5
configure:15850: $? = 0
configure:15850: result: yes
configure:15850: checking for strchr
configure:15850: g++ -o conftest  -g -DNDEBUG   conftest.cpp  >&5
configure:15850: $? = 0
configure:15850: result: yes
configure:15850: checking for strerror
configure:15850: g++ -o conftest  -g -DNDEBUG   conftest.cpp  >&5
configure:15850: $? = 0
configure:15850: result: yes
configure:15850: checking for strtol
configure:15850: g++ -o conftest  -g -DNDEBUG   conftest.cpp  >&5
configure:15850: $? = 0
configure:15850: result: yes
configure:15864: checking zlib version
configure:15884: g++ -c  -g -DNDEBUG  conftest.cpp >&5
conftest.cpp:41:26: fatal error: zlib.h: No such file or directory
         #include <zlib.h>
                          ^
compilation terminated.
configure:15884: $? = 1
configure: failed program was:
| /* confdefs.h */
| #define PACKAGE_NAME "Protocol Buffers"
| #define PACKAGE_TARNAME "protobuf"
| #define PACKAGE_VERSION "2.6.1"
| #define PACKAGE_STRING "Protocol Buffers 2.6.1"
| #define PACKAGE_BUGREPORT "protobuf@googlegroups.com"
| #define PACKAGE_URL ""
| #define PACKAGE "protobuf"
| #define VERSION "2.6.1"
| #define STDC_HEADERS 1
| #define HAVE_SYS_TYPES_H 1
| #define HAVE_SYS_STAT_H 1
| #define HAVE_STDLIB_H 1
| #define HAVE_STRING_H 1
| #define HAVE_MEMORY_H 1
| #define HAVE_STRINGS_H 1
| #define HAVE_INTTYPES_H 1
| #define HAVE_STDINT_H 1
| #define HAVE_UNISTD_H 1
| #define __EXTENSIONS__ 1
| #define _ALL_SOURCE 1
| #define _GNU_SOURCE 1
| #define _POSIX_PTHREAD_SEMANTICS 1
| #define _TANDEM_SOURCE 1
| #define HAVE_DLFCN_H 1
| #define LT_OBJDIR ".libs/"
| #define STDC_HEADERS 1
| #define HAVE_FCNTL_H 1
| #define HAVE_INTTYPES_H 1
| #define HAVE_LIMITS_H 1
| #define HAVE_STDLIB_H 1
| #define HAVE_UNISTD_H 1
| #define HAVE_FTRUNCATE 1
| #define HAVE_MEMSET 1
| #define HAVE_MKDIR 1
| #define HAVE_STRCHR 1
| #define HAVE_STRERROR 1
| #define HAVE_STRTOL 1
| /* end confdefs.h.  */
| 
|         #include <zlib.h>
|         #if !defined(ZLIB_VERNUM) || (ZLIB_VERNUM < 0x1204)
|         # error zlib version too old
|         #endif
| 
| int
| main ()
| {
| 
|   ;
|   return 0;
| }
configure:15967: result: headers missing or too old (requires 1.2.0.4)
configure:16189: checking for the pthreads library -lpthreads
configure:16222: gcc -o conftest     conftest.c -lpthreads  >&5
/usr/bin/ld: cannot find -lpthreads
collect2: error: ld returned 1 exit status
configure:16222: $? = 1
configure: failed program was:
| /* confdefs.h */
| #define PACKAGE_NAME "Protocol Buffers"
| #define PACKAGE_TARNAME "protobuf"
| #define PACKAGE_VERSION "2.6.1"
| #define PACKAGE_STRING "Protocol Buffers 2.6.1"
| #define PACKAGE_BUGREPORT "protobuf@googlegroups.com"
| #define PACKAGE_URL ""
| #define PACKAGE "protobuf"
| #define VERSION "2.6.1"
| #define STDC_HEADERS 1
| #define HAVE_SYS_TYPES_H 1
| #define HAVE_SYS_STAT_H 1
| #define HAVE_STDLIB_H 1
| #define HAVE_STRING_H 1
| #define HAVE_MEMORY_H 1
| #define HAVE_STRINGS_H 1
| #define HAVE_INTTYPES_H 1
| #define HAVE_STDINT_H 1
| #define HAVE_UNISTD_H 1
| #define __EXTENSIONS__ 1
| #define _ALL_SOURCE 1
| #define _GNU_SOURCE 1
| #define _POSIX_PTHREAD_SEMANTICS 1
| #define _TANDEM_SOURCE 1
| #define HAVE_DLFCN_H 1
| #define LT_OBJDIR ".libs/"
| #define STDC_HEADERS 1
| #define HAVE_FCNTL_H 1
| #define HAVE_INTTYPES_H 1
| #define HAVE_LIMITS_H 1
| #define HAVE_STDLIB_H 1
| #define HAVE_UNISTD_H 1
| #define HAVE_FTRUNCATE 1
| #define HAVE_MEMSET 1
| #define HAVE_MKDIR 1
| #define HAVE_STRCHR 1
| #define HAVE_STRERROR 1
| #define HAVE_STRTOL 1
| /* end confdefs.h.  */
| #include <pthread.h>
| int
| main ()
| {
| pthread_t th; pthread_join(th, 0);
|                      pthread_attr_init(0); pthread_cleanup_push(0, 0);
|                      pthread_create(0,0,0,0); pthread_cleanup_pop(0);
|   ;
|   return 0;
| }
configure:16231: result: no
configure:16134: checking whether pthreads work without any flags
configure:16222: gcc -o conftest     conftest.c   >&5
/tmp/ccjyqAA8.o: In function `main':
conftest.c:(.text+0x18): undefined reference to `pthread_join'
conftest.c:(.text+0x7e): undefined reference to `__pthread_register_cancel'
conftest.c:(.text+0x97): undefined reference to `pthread_create'
conftest.c:(.text+0xa6): undefined reference to `__pthread_unregister_cancel'
collect2: error: ld returned 1 exit status
configure:16222: $? = 1
configure: failed program was:
| /* confdefs.h */
| #define PACKAGE_NAME "Protocol Buffers"
| #define PACKAGE_TARNAME "protobuf"
| #define PACKAGE_VERSION "2.6.1"
| #define PACKAGE_STRING "Protocol Buffers 2.6.1"
| #define PACKAGE_BUGREPORT "protobuf@googlegroups.com"
| #define PACKAGE_URL ""
| #define PACKAGE "protobuf"
| #define VERSION "2.6.1"
| #define STDC_HEADERS 1
| #define HAVE_SYS_TYPES_H 1
| #define HAVE_SYS_STAT_H 1
| #define HAVE_STDLIB_H 1
| #define HAVE_STRING_H 1
| #define HAVE_MEMORY_H 1
| #define HAVE_STRINGS_H 1
| #define HAVE_INTTYPES_H 1
| #define HAVE_STDINT_H 1
| #define HAVE_UNISTD_H 1
| #define __EXTENSIONS__ 1
| #define _ALL_SOURCE 1
| #define _GNU_SOURCE 1
| #define _POSIX_PTHREAD_SEMANTICS 1
| #define _TANDEM_SOURCE 1
| #define HAVE_DLFCN_H 1
| #define LT_OBJDIR ".libs/"
| #define STDC_HEADERS 1
| #define HAVE_FCNTL_H 1
| #define HAVE_INTTYPES_H 1
| #define HAVE_LIMITS_H 1
| #define HAVE_STDLIB_H 1
| #define HAVE_UNISTD_H 1
| #define HAVE_FTRUNCATE 1
| #define HAVE_MEMSET 1
| #define HAVE_MKDIR 1
| #define HAVE_STRCHR 1
| #define HAVE_STRERROR 1
| #define HAVE_STRTOL 1
| /* end confdefs.h.  */
| #include <pthread.h>
| int
| main ()
| {
| pthread_t th; pthread_join(th, 0);
|                      pthread_attr_init(0); pthread_cleanup_push(0, 0);
|                      pthread_create(0,0,0,0); pthread_cleanup_pop(0);
|   ;
|   return 0;
| }
configure:16231: result: no
configure:16139: checking whether pthreads work with -Kthread
configure:16222: gcc -o conftest  -Kthread   conftest.c   >&5
gcc: error: unrecognized command line option '-Kthread'
configure:16222: $? = 1
configure: failed program was:
| /* confdefs.h */
| #define PACKAGE_NAME "Protocol Buffers"
| #define PACKAGE_TARNAME "protobuf"
| #define PACKAGE_VERSION "2.6.1"
| #define PACKAGE_STRING "Protocol Buffers 2.6.1"
| #define PACKAGE_BUGREPORT "protobuf@googlegroups.com"
| #define PACKAGE_URL ""
| #define PACKAGE "protobuf"
| #define VERSION "2.6.1"
| #define STDC_HEADERS 1
| #define HAVE_SYS_TYPES_H 1
| #define HAVE_SYS_STAT_H 1
| #define HAVE_STDLIB_H 1
| #define HAVE_STRING_H 1
| #define HAVE_MEMORY_H 1
| #define HAVE_STRINGS_H 1
| #define HAVE_INTTYPES_H 1
| #define HAVE_STDINT_H 1
| #define HAVE_UNISTD_H 1
| #define __EXTENSIONS__ 1
| #define _ALL_SOURCE 1
| #define _GNU_SOURCE 1
| #define _POSIX_PTHREAD_SEMANTICS 1
| #define _TANDEM_SOURCE 1
| #define HAVE_DLFCN_H 1
| #define LT_OBJDIR ".libs/"
| #define STDC_HEADERS 1
| #define HAVE_FCNTL_H 1
| #define HAVE_INTTYPES_H 1
| #define HAVE_LIMITS_H 1
| #define HAVE_STDLIB_H 1
| #define HAVE_UNISTD_H 1
| #define HAVE_FTRUNCATE 1
| #define HAVE_MEMSET 1
| #define HAVE_MKDIR 1
| #define HAVE_STRCHR 1
| #define HAVE_STRERROR 1
| #define HAVE_STRTOL 1
| /* end confdefs.h.  */
| #include <pthread.h>
| int
| main ()
| {
| pthread_t th; pthread_join(th, 0);
|                      pthread_attr_init(0); pthread_cleanup_push(0, 0);
|                      pthread_create(0,0,0,0); pthread_cleanup_pop(0);
|   ;
|   return 0;
| }
configure:16231: result: no
configure:16139: checking whether pthreads work with -kthread
configure:16222: gcc -o conftest  -kthread   conftest.c   >&5
gcc: error: unrecognized command line option '-kthread'
configure:16222: $? = 1
configure: failed program was:
| /* confdefs.h */
| #define PACKAGE_NAME "Protocol Buffers"
| #define PACKAGE_TARNAME "protobuf"
| #define PACKAGE_VERSION "2.6.1"
| #define PACKAGE_STRING "Protocol Buffers 2.6.1"
| #define PACKAGE_BUGREPORT "protobuf@googlegroups.com"
| #define PACKAGE_URL ""
| #define PACKAGE "protobuf"
| #define VERSION "2.6.1"
| #define STDC_HEADERS 1
| #define HAVE_SYS_TYPES_H 1
| #define HAVE_SYS_STAT_H 1
| #define HAVE_STDLIB_H 1
| #define HAVE_STRING_H 1
| #define HAVE_MEMORY_H 1
| #define HAVE_STRINGS_H 1
| #define HAVE_INTTYPES_H 1
| #define HAVE_STDINT_H 1
| #define HAVE_UNISTD_H 1
| #define __EXTENSIONS__ 1
| #define _ALL_SOURCE 1
| #define _GNU_SOURCE 1
| #define _POSIX_PTHREAD_SEMANTICS 1
| #define _TANDEM_SOURCE 1
| #define HAVE_DLFCN_H 1
| #define LT_OBJDIR ".libs/"
| #define STDC_HEADERS 1
| #define HAVE_FCNTL_H 1
| #define HAVE_INTTYPES_H 1
| #define HAVE_LIMITS_H 1
| #define HAVE_STDLIB_H 1
| #define HAVE_UNISTD_H 1
| #define HAVE_FTRUNCATE 1
| #define HAVE_MEMSET 1
| #define HAVE_MKDIR 1
| #define HAVE_STRCHR 1
| #define HAVE_STRERROR 1
| #define HAVE_STRTOL 1
| /* end confdefs.h.  */
| #include <pthread.h>
| int
| main ()
| {
| pthread_t th; pthread_join(th, 0);
|                      pthread_attr_init(0); pthread_cleanup_push(0, 0);
|                      pthread_create(0,0,0,0); pthread_cleanup_pop(0);
|   ;
|   return 0;
| }
configure:16231: result: no
configure:16189: checking for the pthreads library -llthread
configure:16222: gcc -o conftest     conftest.c -llthread  >&5
/usr/bin/ld: cannot find -llthread
collect2: error: ld returned 1 exit status
configure:16222: $? = 1
configure: failed program was:
| /* confdefs.h */
| #define PACKAGE_NAME "Protocol Buffers"
| #define PACKAGE_TARNAME "protobuf"
| #define PACKAGE_VERSION "2.6.1"
| #define PACKAGE_STRING "Protocol Buffers 2.6.1"
| #define PACKAGE_BUGREPORT "protobuf@googlegroups.com"
| #define PACKAGE_URL ""
| #define PACKAGE "protobuf"
| #define VERSION "2.6.1"
| #define STDC_HEADERS 1
| #define HAVE_SYS_TYPES_H 1
| #define HAVE_SYS_STAT_H 1
| #define HAVE_STDLIB_H 1
| #define HAVE_STRING_H 1
| #define HAVE_MEMORY_H 1
| #define HAVE_STRINGS_H 1
| #define HAVE_INTTYPES_H 1
| #define HAVE_STDINT_H 1
| #define HAVE_UNISTD_H 1
| #define __EXTENSIONS__ 1
| #define _ALL_SOURCE 1
| #define _GNU_SOURCE 1
| #define _POSIX_PTHREAD_SEMANTICS 1
| #define _TANDEM_SOURCE 1
| #define HAVE_DLFCN_H 1
| #define LT_OBJDIR ".libs/"
| #define STDC_HEADERS 1
| #define HAVE_FCNTL_H 1
| #define HAVE_INTTYPES_H 1
| #define HAVE_LIMITS_H 1
| #define HAVE_STDLIB_H 1
| #define HAVE_UNISTD_H 1
| #define HAVE_FTRUNCATE 1
| #define HAVE_MEMSET 1
| #define HAVE_MKDIR 1
| #define HAVE_STRCHR 1
| #define HAVE_STRERROR 1
| #define HAVE_STRTOL 1
| /* end confdefs.h.  */
| #include <pthread.h>
| int
| main ()
| {
| pthread_t th; pthread_join(th, 0);
|                      pthread_attr_init(0); pthread_cleanup_push(0, 0);
|                      pthread_create(0,0,0,0); pthread_cleanup_pop(0);
|   ;
|   return 0;
| }
configure:16231: result: no
configure:16139: checking whether pthreads work with -pthread
configure:16222: gcc -o conftest  -pthread   conftest.c   >&5
configure:16222: $? = 0
configure:16231: result: yes
configure:16250: checking for joinable pthread attribute
configure:16265: gcc -o conftest  -pthread   conftest.c   >&5
configure:16265: $? = 0
configure:16271: result: PTHREAD_CREATE_JOINABLE
configure:16281: checking if more special flags are required for pthreads
configure:16288: result: no
configure:16377: checking whether to check for GCC pthread/shared inconsistencies
configure:16390: gcc -o conftest -shared -fPIC -Wl,-z,defs  -pthread   conftest.c   >&5
configure:16390: $? = 0
configure:16402: result: yes
configure:16408: checking whether -pthread is sufficient with -shared
configure:16423: gcc -o conftest -shared -fPIC -Wl,-z,defs  -pthread   conftest.c   >&5
configure:16423: $? = 0
configure:16430: result: yes
configure:16518: checking whether what we have so far is sufficient with -nostdlib
configure:16536: gcc -o conftest -nostdlib -shared -fPIC -Wl,-z,defs  -pthread   conftest.c   -lc >&5
/tmp/ccLOvgaw.o: In function `main':
conftest.c:(.text+0x18): undefined reference to `pthread_join'
conftest.c:(.text+0x7e): undefined reference to `__pthread_register_cancel'
conftest.c:(.text+0x97): undefined reference to `pthread_create'
conftest.c:(.text+0xa6): undefined reference to `__pthread_unregister_cancel'
collect2: error: ld returned 1 exit status
configure:16536: $? = 1
configure: failed program was:
| /* confdefs.h */
| #define PACKAGE_NAME "Protocol Buffers"
| #define PACKAGE_TARNAME "protobuf"
| #define PACKAGE_VERSION "2.6.1"
| #define PACKAGE_STRING "Protocol Buffers 2.6.1"
| #define PACKAGE_BUGREPORT "protobuf@googlegroups.com"
| #define PACKAGE_URL ""
| #define PACKAGE "protobuf"
| #define VERSION "2.6.1"
| #define STDC_HEADERS 1
| #define HAVE_SYS_TYPES_H 1
| #define HAVE_SYS_STAT_H 1
| #define HAVE_STDLIB_H 1
| #define HAVE_STRING_H 1
| #define HAVE_MEMORY_H 1
| #define HAVE_STRINGS_H 1
| #define HAVE_INTTYPES_H 1
| #define HAVE_STDINT_H 1
| #define HAVE_UNISTD_H 1
| #define __EXTENSIONS__ 1
| #define _ALL_SOURCE 1
| #define _GNU_SOURCE 1
| #define _POSIX_PTHREAD_SEMANTICS 1
| #define _TANDEM_SOURCE 1
| #define HAVE_DLFCN_H 1
| #define LT_OBJDIR ".libs/"
| #define STDC_HEADERS 1
| #define HAVE_FCNTL_H 1
| #define HAVE_INTTYPES_H 1
| #define HAVE_LIMITS_H 1
| #define HAVE_STDLIB_H 1
| #define HAVE_UNISTD_H 1
| #define HAVE_FTRUNCATE 1
| #define HAVE_MEMSET 1
| #define HAVE_MKDIR 1
| #define HAVE_STRCHR 1
| #define HAVE_STRERROR 1
| #define HAVE_STRTOL 1
| /* end confdefs.h.  */
| #include <pthread.h>
| int
| main ()
| {
| pthread_t th; pthread_join(th, 0);
| 	       pthread_attr_init(0); pthread_cleanup_push(0, 0);
| 	       pthread_create(0,0,0,0); pthread_cleanup_pop(0);
|   ;
|   return 0;
| }
configure:16548: result: no
configure:16553: checking whether -lpthread saves the day
configure:16569: gcc -o conftest -nostdlib -shared -fPIC -Wl,-z,defs  -pthread   conftest.c -lpthread   -lc >&5
configure:16569: $? = 0
configure:16578: result: yes
configure:16618: checking the location of hash_map
configure:16644: g++ -c  -g -DNDEBUG  conftest.cpp >&5
configure:16644: $? = 0
configure:16666: g++ -c  -g -DNDEBUG  conftest.cpp >&5
In file included from /usr/include/c++/4.8.2/unordered_map:35:0,
                 from conftest.cpp:41:
/usr/include/c++/4.8.2/bits/c++0x_warning.h:32:2: error: #error This file requires compiler and library support for the ISO C++ 2011 standard. This support is currently experimental, and must be enabled with the -std=c++11 or -std=gnu++11 compiler options.
 #error This file requires compiler and library support for the \
  ^
conftest.cpp: In function 'int main()':
conftest.cpp:45:7: error: 'unordered_map' in namespace 'std' does not name a type
 const std::unordered_map<int, int> t;
       ^
conftest.cpp:46:33: error: 't' was not declared in this scope
                          return t.find(5) == t.end();
                                 ^
configure:16666: $? = 1
configure: failed program was:
| /* confdefs.h */
| #define PACKAGE_NAME "Protocol Buffers"
| #define PACKAGE_TARNAME "protobuf"
| #define PACKAGE_VERSION "2.6.1"
| #define PACKAGE_STRING "Protocol Buffers 2.6.1"
| #define PACKAGE_BUGREPORT "protobuf@googlegroups.com"
| #define PACKAGE_URL ""
| #define PACKAGE "protobuf"
| #define VERSION "2.6.1"
| #define STDC_HEADERS 1
| #define HAVE_SYS_TYPES_H 1
| #define HAVE_SYS_STAT_H 1
| #define HAVE_STDLIB_H 1
| #define HAVE_STRING_H 1
| #define HAVE_MEMORY_H 1
| #define HAVE_STRINGS_H 1
| #define HAVE_INTTYPES_H 1
| #define HAVE_STDINT_H 1
| #define HAVE_UNISTD_H 1
| #define __EXTENSIONS__ 1
| #define _ALL_SOURCE 1
| #define _GNU_SOURCE 1
| #define _POSIX_PTHREAD_SEMANTICS 1
| #define _TANDEM_SOURCE 1
| #define HAVE_DLFCN_H 1
| #define LT_OBJDIR ".libs/"
| #define STDC_HEADERS 1
| #define HAVE_FCNTL_H 1
| #define HAVE_INTTYPES_H 1
| #define HAVE_LIMITS_H 1
| #define HAVE_STDLIB_H 1
| #define HAVE_UNISTD_H 1
| #define HAVE_FTRUNCATE 1
| #define HAVE_MEMSET 1
| #define HAVE_MKDIR 1
| #define HAVE_STRCHR 1
| #define HAVE_STRERROR 1
| #define HAVE_STRTOL 1
| #define HAVE_PTHREAD 1
| /* end confdefs.h.  */
| #include <unordered_map>
| int
| main ()
| {
| const std::unordered_map<int, int> t;
|                          return t.find(5) == t.end();
|   ;
|   return 0;
| }
configure:16666: g++ -c  -g -DNDEBUG  conftest.cpp >&5
In file included from /usr/include/c++/4.8.2/unordered_map:35:0,
                 from conftest.cpp:41:
/usr/include/c++/4.8.2/bits/c++0x_warning.h:32:2: error: #error This file requires compiler and library support for the ISO C++ 2011 standard. This support is currently experimental, and must be enabled with the -std=c++11 or -std=gnu++11 compiler options.
 #error This file requires compiler and library support for the \
  ^
conftest.cpp: In function 'int main()':
conftest.cpp:45:7: error: 'tr1' in namespace 'std' does not name a type
 const std::tr1::unordered_map<int, int> t;
       ^
conftest.cpp:46:33: error: 't' was not declared in this scope
                          return t.find(5) == t.end();
                                 ^
configure:16666: $? = 1
configure: failed program was:
| /* confdefs.h */
| #define PACKAGE_NAME "Protocol Buffers"
| #define PACKAGE_TARNAME "protobuf"
| #define PACKAGE_VERSION "2.6.1"
| #define PACKAGE_STRING "Protocol Buffers 2.6.1"
| #define PACKAGE_BUGREPORT "protobuf@googlegroups.com"
| #define PACKAGE_URL ""
| #define PACKAGE "protobuf"
| #define VERSION "2.6.1"
| #define STDC_HEADERS 1
| #define HAVE_SYS_TYPES_H 1
| #define HAVE_SYS_STAT_H 1
| #define HAVE_STDLIB_H 1
| #define HAVE_STRING_H 1
| #define HAVE_MEMORY_H 1
| #define HAVE_STRINGS_H 1
| #define HAVE_INTTYPES_H 1
| #define HAVE_STDINT_H 1
| #define HAVE_UNISTD_H 1
| #define __EXTENSIONS__ 1
| #define _ALL_SOURCE 1
| #define _GNU_SOURCE 1
| #define _POSIX_PTHREAD_SEMANTICS 1
| #define _TANDEM_SOURCE 1
| #define HAVE_DLFCN_H 1
| #define LT_OBJDIR ".libs/"
| #define STDC_HEADERS 1
| #define HAVE_FCNTL_H 1
| #define HAVE_INTTYPES_H 1
| #define HAVE_LIMITS_H 1
| #define HAVE_STDLIB_H 1
| #define HAVE_UNISTD_H 1
| #define HAVE_FTRUNCATE 1
| #define HAVE_MEMSET 1
| #define HAVE_MKDIR 1
| #define HAVE_STRCHR 1
| #define HAVE_STRERROR 1
| #define HAVE_STRTOL 1
| #define HAVE_PTHREAD 1
| /* end confdefs.h.  */
| #include <unordered_map>
| int
| main ()
| {
| const std::tr1::unordered_map<int, int> t;
|                          return t.find(5) == t.end();
|   ;
|   return 0;
| }
configure:16666: g++ -c  -g -DNDEBUG  conftest.cpp >&5
conftest.cpp: In function 'int main()':
conftest.cpp:45:7: error: 'unordered_map' in namespace 'std' does not name a type
 const std::unordered_map<int, int> t;
       ^
conftest.cpp:46:33: error: 't' was not declared in this scope
                          return t.find(5) == t.end();
                                 ^
configure:16666: $? = 1
configure: failed program was:
| /* confdefs.h */
| #define PACKAGE_NAME "Protocol Buffers"
| #define PACKAGE_TARNAME "protobuf"
| #define PACKAGE_VERSION "2.6.1"
| #define PACKAGE_STRING "Protocol Buffers 2.6.1"
| #define PACKAGE_BUGREPORT "protobuf@googlegroups.com"
| #define PACKAGE_URL ""
| #define PACKAGE "protobuf"
| #define VERSION "2.6.1"
| #define STDC_HEADERS 1
| #define HAVE_SYS_TYPES_H 1
| #define HAVE_SYS_STAT_H 1
| #define HAVE_STDLIB_H 1
| #define HAVE_STRING_H 1
| #define HAVE_MEMORY_H 1
| #define HAVE_STRINGS_H 1
| #define HAVE_INTTYPES_H 1
| #define HAVE_STDINT_H 1
| #define HAVE_UNISTD_H 1
| #define __EXTENSIONS__ 1
| #define _ALL_SOURCE 1
| #define _GNU_SOURCE 1
| #define _POSIX_PTHREAD_SEMANTICS 1
| #define _TANDEM_SOURCE 1
| #define HAVE_DLFCN_H 1
| #define LT_OBJDIR ".libs/"
| #define STDC_HEADERS 1
| #define HAVE_FCNTL_H 1
| #define HAVE_INTTYPES_H 1
| #define HAVE_LIMITS_H 1
| #define HAVE_STDLIB_H 1
| #define HAVE_UNISTD_H 1
| #define HAVE_FTRUNCATE 1
| #define HAVE_MEMSET 1
| #define HAVE_MKDIR 1
| #define HAVE_STRCHR 1
| #define HAVE_STRERROR 1
| #define HAVE_STRTOL 1
| #define HAVE_PTHREAD 1
| /* end confdefs.h.  */
| #include <tr1/unordered_map>
| int
| main ()
| {
| const std::unordered_map<int, int> t;
|                          return t.find(5) == t.end();
|   ;
|   return 0;
| }
configure:16666: g++ -c  -g -DNDEBUG  conftest.cpp >&5
configure:16666: $? = 0
configure:16733: result: <tr1/unordered_map>
configure:16748: checking for library containing sched_yield
configure:16779: g++ -o conftest  -g -DNDEBUG   conftest.cpp  >&5
configure:16779: $? = 0
configure:16796: result: none required
configure:16937: checking that generated files are newer than configure
configure:16943: result: done
configure:16982: creating ./config.status

## ---------------------- ##
## Running config.status. ##
## ---------------------- ##

This file was extended by Protocol Buffers config.status 2.6.1, which was
generated by GNU Autoconf 2.69.  Invocation command line was

  CONFIG_FILES    = 
  CONFIG_HEADERS  = 
  CONFIG_LINKS    = 
  CONFIG_COMMANDS = 
  $ ./config.status 

on RqiDev007

config.status:1192: creating Makefile
config.status:1192: creating src/Makefile
config.status:1192: creating protobuf.pc
config.status:1192: creating protobuf-lite.pc
config.status:1192: creating config.h
config.status:1421: executing depfiles commands
config.status:1421: executing libtool commands
configure:19540: === configuring in gtest (/home/dxrd/zergl/github/teamtalk/_temp/protobuf-2.6.1/gtest)
configure:19603: running /bin/sh ./configure --disable-option-checking '--prefix=/usr/local'  --cache-file=/dev/null --srcdir=.

## ---------------- ##
## Cache variables. ##
## ---------------- ##

ac_cv_build=x86_64-unknown-linux-gnu
ac_cv_c_compiler_gnu=yes
ac_cv_cxx_compiler_gnu=yes
ac_cv_cxx_hash_map='<tr1/unordered_map>'
ac_cv_cxx_hash_map_class=unordered_map
ac_cv_cxx_hash_namespace=std::tr1
ac_cv_cxx_hash_set='<tr1/unordered_set>'
ac_cv_cxx_hash_set_class=unordered_set
ac_cv_env_CCC_set=
ac_cv_env_CCC_value=
ac_cv_env_CC_set=
ac_cv_env_CC_value=
ac_cv_env_CFLAGS_set=
ac_cv_env_CFLAGS_value=
ac_cv_env_CPPFLAGS_set=
ac_cv_env_CPPFLAGS_value=
ac_cv_env_CXXCPP_set=
ac_cv_env_CXXCPP_value=
ac_cv_env_CXXFLAGS_set=
ac_cv_env_CXXFLAGS_value=
ac_cv_env_CXX_set=
ac_cv_env_CXX_value=
ac_cv_env_LDFLAGS_set=
ac_cv_env_LDFLAGS_value=
ac_cv_env_LIBS_set=
ac_cv_env_LIBS_value=
ac_cv_env_build_alias_set=
ac_cv_env_build_alias_value=
ac_cv_env_host_alias_set=
ac_cv_env_host_alias_value=
ac_cv_env_target_alias_set=
ac_cv_env_target_alias_value=
ac_cv_func_ftruncate=yes
ac_cv_func_memcmp_working=yes
ac_cv_func_memset=yes
ac_cv_func_mkdir=yes
ac_cv_func_strchr=yes
ac_cv_func_strerror=yes
ac_cv_func_strtod=yes
ac_cv_func_strtol=yes
ac_cv_have_decl___SUNPRO_CC=no
ac_cv_header_dlfcn_h=yes
ac_cv_header_fcntl_h=yes
ac_cv_header_inttypes_h=yes
ac_cv_header_limits_h=yes
ac_cv_header_memory_h=yes
ac_cv_header_minix_config_h=no
ac_cv_header_stdc=yes
ac_cv_header_stdint_h=yes
ac_cv_header_stdlib_h=yes
ac_cv_header_string_h=yes
ac_cv_header_strings_h=yes
ac_cv_header_sys_stat_h=yes
ac_cv_header_sys_types_h=yes
ac_cv_header_unistd_h=yes
ac_cv_host=x86_64-unknown-linux-gnu
ac_cv_objext=o
ac_cv_path_EGREP='/usr/bin/grep -E'
ac_cv_path_FGREP='/usr/bin/grep -F'
ac_cv_path_GREP=/usr/bin/grep
ac_cv_path_SED=/usr/bin/sed
ac_cv_path_install='/usr/bin/install -c'
ac_cv_path_mkdir=/usr/bin/mkdir
ac_cv_prog_AWK=gawk
ac_cv_prog_CXXCPP='g++ -E'
ac_cv_prog_ac_ct_AR=ar
ac_cv_prog_ac_ct_CC=gcc
ac_cv_prog_ac_ct_CXX=g++
ac_cv_prog_ac_ct_OBJDUMP=objdump
ac_cv_prog_ac_ct_RANLIB=ranlib
ac_cv_prog_ac_ct_STRIP=strip
ac_cv_prog_cc_c89=
ac_cv_prog_cc_g=yes
ac_cv_prog_cxx_g=yes
ac_cv_prog_make_make_set=yes
ac_cv_safe_to_define___extensions__=yes
ac_cv_search_sched_yield='none required'
ac_cv_target=x86_64-unknown-linux-gnu
am_cv_CC_dependencies_compiler_type=gcc3
am_cv_CXX_dependencies_compiler_type=gcc3
am_cv_make_support_nested_variables=yes
lt_cv_ar_at_file=@
lt_cv_archive_cmds_need_lc=no
lt_cv_deplibs_check_method=pass_all
lt_cv_file_magic_cmd='$MAGIC_CMD'
lt_cv_file_magic_test_file=
lt_cv_ld_reload_flag=-r
lt_cv_nm_interface='BSD nm'
lt_cv_objdir=.libs
lt_cv_path_LD=/usr/bin/ld
lt_cv_path_LDCXX='/usr/bin/ld -m elf_x86_64'
lt_cv_path_NM='/usr/bin/nm -B'
lt_cv_path_mainfest_tool=no
lt_cv_prog_compiler_c_o=yes
lt_cv_prog_compiler_c_o_CXX=yes
lt_cv_prog_compiler_pic='-fPIC -DPIC'
lt_cv_prog_compiler_pic_CXX='-fPIC -DPIC'
lt_cv_prog_compiler_pic_works=yes
lt_cv_prog_compiler_pic_works_CXX=yes
lt_cv_prog_compiler_rtti_exceptions=no
lt_cv_prog_compiler_static_works=no
lt_cv_prog_compiler_static_works_CXX=no
lt_cv_prog_gnu_ld=yes
lt_cv_prog_gnu_ldcxx=yes
lt_cv_sharedlib_from_linklib_cmd='printf %s\n'
lt_cv_shlibpath_overrides_runpath=no
lt_cv_sys_global_symbol_pipe='sed -n -e '\''s/^.*[	 ]\([ABCDGIRSTW][ABCDGIRSTW]*\)[	 ][	 ]*\([_A-Za-z][_A-Za-z0-9]*\)$/\1 \2 \2/p'\'' | sed '\''/ __gnu_lto/d'\'''
lt_cv_sys_global_symbol_to_c_name_address='sed -n -e '\''s/^: \([^ ]*\)[ ]*$/  {\"\1\", (void *) 0},/p'\'' -e '\''s/^[ABCDGIRSTW]* \([^ ]*\) \([^ ]*\)$/  {"\2", (void *) \&\2},/p'\'''
lt_cv_sys_global_symbol_to_c_name_address_lib_prefix='sed -n -e '\''s/^: \([^ ]*\)[ ]*$/  {\"\1\", (void *) 0},/p'\'' -e '\''s/^[ABCDGIRSTW]* \([^ ]*\) \(lib[^ ]*\)$/  {"\2", (void *) \&\2},/p'\'' -e '\''s/^[ABCDGIRSTW]* \([^ ]*\) \([^ ]*\)$/  {"lib\2", (void *) \&\2},/p'\'''
lt_cv_sys_global_symbol_to_cdecl='sed -n -e '\''s/^T .* \(.*\)$/extern int \1();/p'\'' -e '\''s/^[ABCDGIRSTW]* .* \(.*\)$/extern char \1;/p'\'''
lt_cv_sys_max_cmd_len=1572864
lt_cv_to_host_file_cmd=func_convert_file_noop
lt_cv_to_tool_file_cmd=func_convert_file_noop

## ----------------- ##
## Output variables. ##
## ----------------- ##

ACLOCAL='${SHELL} /home/dxrd/zergl/github/teamtalk/_temp/protobuf-2.6.1/missing aclocal-1.13'
AMDEPBACKSLASH='\'
AMDEP_FALSE='#'
AMDEP_TRUE=''
AMTAR='$${TAR-tar}'
AM_BACKSLASH='\'
AM_DEFAULT_V='$(AM_DEFAULT_VERBOSITY)'
AM_DEFAULT_VERBOSITY='1'
AM_V='$(V)'
AR='ar'
AUTOCONF='${SHELL} /home/dxrd/zergl/github/teamtalk/_temp/protobuf-2.6.1/missing autoconf'
AUTOHEADER='${SHELL} /home/dxrd/zergl/github/teamtalk/_temp/protobuf-2.6.1/missing autoheader'
AUTOMAKE='${SHELL} /home/dxrd/zergl/github/teamtalk/_temp/protobuf-2.6.1/missing automake-1.13'
AWK='gawk'
CC='gcc'
CCDEPMODE='depmode=gcc3'
CFLAGS=''
CPPFLAGS=''
CXX='g++'
CXXCPP='g++ -E'
CXXDEPMODE='depmode=gcc3'
CXXFLAGS=' -g -DNDEBUG'
CYGPATH_W='echo'
DEFS='-DHAVE_CONFIG_H'
DEPDIR='.deps'
DLLTOOL='false'
DSYMUTIL=''
DUMPBIN=''
ECHO_C=''
ECHO_N='-n'
ECHO_T=''
EGREP='/usr/bin/grep -E'
EXEEXT=''
FGREP='/usr/bin/grep -F'
GCC_FALSE='#'
GCC_TRUE=''
GREP='/usr/bin/grep'
HAVE_ZLIB_FALSE=''
HAVE_ZLIB_TRUE='#'
INSTALL_DATA='${INSTALL} -m 644'
INSTALL_PROGRAM='${INSTALL}'
INSTALL_SCRIPT='${INSTALL}'
INSTALL_STRIP_PROGRAM='$(install_sh) -c -s'
ISAINFO=''
LD='/usr/bin/ld -m elf_x86_64'
LDFLAGS=''
LIBOBJS=''
LIBS=''
LIBTOOL='$(SHELL) $(top_builddir)/libtool'
LIPO=''
LN_S='ln -s'
LTLIBOBJS=''
MAINT=''
MAINTAINER_MODE_FALSE='#'
MAINTAINER_MODE_TRUE=''
MAKEINFO='${SHELL} /home/dxrd/zergl/github/teamtalk/_temp/protobuf-2.6.1/missing makeinfo'
MANIFEST_TOOL=':'
MKDIR_P='/usr/bin/mkdir -p'
NM='/usr/bin/nm -B'
NMEDIT=''
OBJDUMP='objdump'
OBJEXT='o'
OTOOL64=''
OTOOL=''
PACKAGE='protobuf'
PACKAGE_BUGREPORT='protobuf@googlegroups.com'
PACKAGE_NAME='Protocol Buffers'
PACKAGE_STRING='Protocol Buffers 2.6.1'
PACKAGE_TARNAME='protobuf'
PACKAGE_URL=''
PACKAGE_VERSION='2.6.1'
PATH_SEPARATOR=':'
POW_LIB=''
PROTOBUF_OPT_FLAG='-O2'
PROTOC=''
PTHREAD_CC='gcc'
PTHREAD_CFLAGS='-pthread'
PTHREAD_LIBS=' -lpthread'
RANLIB='ranlib'
SED='/usr/bin/sed'
SET_MAKE=''
SHELL='/bin/sh'
STRIP='strip'
USE_EXTERNAL_PROTOC_FALSE=''
USE_EXTERNAL_PROTOC_TRUE='#'
VERSION='2.6.1'
ac_ct_AR='ar'
ac_ct_CC='gcc'
ac_ct_CXX='g++'
ac_ct_DUMPBIN=''
acx_pthread_config=''
am__EXEEXT_FALSE=''
am__EXEEXT_TRUE='#'
am__fastdepCC_FALSE='#'
am__fastdepCC_TRUE=''
am__fastdepCXX_FALSE='#'
am__fastdepCXX_TRUE=''
am__include='include'
am__isrc=''
am__leading_dot='.'
am__nodep='_no'
am__quote=''
am__tar='$${TAR-tar} chof - "$$tardir"'
am__untar='$${TAR-tar} xf -'
bindir='${exec_prefix}/bin'
build='x86_64-unknown-linux-gnu'
build_alias=''
build_cpu='x86_64'
build_os='linux-gnu'
build_vendor='unknown'
datadir='${datarootdir}'
datarootdir='${prefix}/share'
docdir='${datarootdir}/doc/${PACKAGE_TARNAME}'
dvidir='${docdir}'
exec_prefix='${prefix}'
host='x86_64-unknown-linux-gnu'
host_alias=''
host_cpu='x86_64'
host_os='linux-gnu'
host_vendor='unknown'
htmldir='${docdir}'
includedir='${prefix}/include'
infodir='${datarootdir}/info'
install_sh='${SHELL} /home/dxrd/zergl/github/teamtalk/_temp/protobuf-2.6.1/install-sh'
libdir='${exec_prefix}/lib'
libexecdir='${exec_prefix}/libexec'
localedir='${datarootdir}/locale'
localstatedir='${prefix}/var'
mandir='${datarootdir}/man'
mkdir_p='$(MKDIR_P)'
oldincludedir='/usr/include'
pdfdir='${docdir}'
prefix='/usr/local'
program_transform_name='s,x,x,'
psdir='${docdir}'
sbindir='${exec_prefix}/sbin'
sharedstatedir='${prefix}/com'
subdirs=' gtest'
sysconfdir='${prefix}/etc'
target='x86_64-unknown-linux-gnu'
target_alias=''
target_cpu='x86_64'
target_os='linux-gnu'
target_vendor='unknown'

## ----------- ##
## confdefs.h. ##
## ----------- ##

/* confdefs.h */
#define PACKAGE_NAME "Protocol Buffers"
#define PACKAGE_TARNAME "protobuf"
#define PACKAGE_VERSION "2.6.1"
#define PACKAGE_STRING "Protocol Buffers 2.6.1"
#define PACKAGE_BUGREPORT "protobuf@googlegroups.com"
#define PACKAGE_URL ""
#define PACKAGE "protobuf"
#define VERSION "2.6.1"
#define STDC_HEADERS 1
#define HAVE_SYS_TYPES_H 1
#define HAVE_SYS_STAT_H 1
#define HAVE_STDLIB_H 1
#define HAVE_STRING_H 1
#define HAVE_MEMORY_H 1
#define HAVE_STRINGS_H 1
#define HAVE_INTTYPES_H 1
#define HAVE_STDINT_H 1
#define HAVE_UNISTD_H 1
#define __EXTENSIONS__ 1
#define _ALL_SOURCE 1
#define _GNU_SOURCE 1
#define _POSIX_PTHREAD_SEMANTICS 1
#define _TANDEM_SOURCE 1
#define HAVE_DLFCN_H 1
#define LT_OBJDIR ".libs/"
#define STDC_HEADERS 1
#define HAVE_FCNTL_H 1
#define HAVE_INTTYPES_H 1
#define HAVE_LIMITS_H 1
#define HAVE_STDLIB_H 1
#define HAVE_UNISTD_H 1
#define HAVE_FTRUNCATE 1
#define HAVE_MEMSET 1
#define HAVE_MKDIR 1
#define HAVE_STRCHR 1
#define HAVE_STRERROR 1
#define HAVE_STRTOL 1
#define HAVE_PTHREAD 1
#define HAVE_HASH_MAP 1
#define HAVE_HASH_SET 1
#define HASH_MAP_H <tr1/unordered_map>
#define HASH_SET_H <tr1/unordered_set>
#define HASH_NAMESPACE std::tr1
#define HASH_MAP_CLASS unordered_map
#define HASH_SET_CLASS unordered_set

configure: exit 0
